2024-12-22 17:04:22,267 - copernicus_data_pipeline - INFO - Downloading reanalysis-era5-pressure-levels to data\reanalysis-era5-pressure-levels_geopotential_1000_20240301_12:00.grib
2024-12-22 17:04:22,554 - copernicus_data_pipeline - ERROR - Download attempt 1 failed: 401 Client Error: Unauthorized for url: https://cds.climate.copernicus.eu/api/retrieve/v1/processes/reanalysis-era5-pressure-levels/execution
Authentication failed
operation not allowed
2024-12-22 17:04:22,555 - copernicus_data_pipeline - INFO - Retrying in 60 seconds...
2024-12-22 17:06:58,428 - copernicus_data_pipeline - INFO - Downloading reanalysis-era5-pressure-levels to data\reanalysis-era5-pressure-levels_geopotential_1000_20240301_12:00.grib
2024-12-22 17:06:58,710 - copernicus_data_pipeline - ERROR - Download attempt 1 failed: 401 Client Error: Unauthorized for url: https://cds.climate.copernicus.eu/api/retrieve/v1/processes/reanalysis-era5-pressure-levels/execution
Authentication failed
operation not allowed
2024-12-22 17:06:58,711 - copernicus_data_pipeline - INFO - Retrying in 60 seconds...
2024-12-22 17:09:12,570 - copernicus_data_pipeline - INFO - Downloading reanalysis-era5-pressure-levels to data\reanalysis-era5-pressure-levels_geopotential_1000_20240301_12:00.grib
2024-12-22 17:09:12,964 - copernicus_data_pipeline - ERROR - Download attempt 1 failed: 401 Client Error: Unauthorized for url: https://cds.climate.copernicus.eu/api/retrieve/v1/processes/reanalysis-era5-pressure-levels/execution
Authentication failed
operation not allowed
2024-12-22 17:09:12,965 - copernicus_data_pipeline - INFO - Retrying in 60 seconds...
2024-12-22 17:14:06,677 - copernicus_data_pipeline - INFO - Downloading reanalysis-era5-pressure-levels to data\reanalysis-era5-pressure-levels_geopotential_1000_20240301_12:00.grib
2024-12-22 17:14:07,205 - datapi.legacy_api_client - WARNING - [2024-10-10T00:00:00] From 1 July to 17 November 2024, the final ERA5 product is different to ERA5T due to the correction of [the assimilation of incorrect snow observations on the Alps](https://confluence.ecmwf.int/x/USuXGw)
2024-12-22 17:14:07,206 - datapi.legacy_api_client - INFO - Request ID is 7dcf9e65-0f64-4315-ae39-9e6537a5735e
2024-12-22 17:14:07,338 - datapi.legacy_api_client - INFO - status has been updated to accepted
2024-12-22 17:14:12,668 - datapi.legacy_api_client - INFO - status has been updated to running
2024-12-22 17:14:21,340 - datapi.legacy_api_client - INFO - status has been updated to successful
2024-12-22 17:14:21,578 - multiurl.base - INFO - Downloading https://object-store.os-api.cci2.ecmwf.int:443/cci2-prod-cache/6ef78ded46d332ac4b04754833118011.grib
2024-12-22 17:14:29,189 - copernicus_data_pipeline - INFO - Successfully downloaded to data\reanalysis-era5-pressure-levels_geopotential_1000_20240301_12:00.grib
2024-12-23 11:34:19,543 - datapi.legacy_api_client - INFO - [2024-09-28T00:00:00] **Welcome to the New Climate Data Store (CDS)!** This new system is in its early days of full operations and still undergoing enhancements and fine tuning. Some disruptions are to be expected. Your 
[feedback](https://jira.ecmwf.int/plugins/servlet/desk/portal/1/create/202) is key to improve the user experience on the new CDS for the benefit of everyone. Thank you.
2024-12-23 11:34:19,545 - datapi.legacy_api_client - INFO - [2024-09-26T00:00:00] Watch our [Forum](https://forum.ecmwf.int/) for Announcements, news and other discussed topics.
2024-12-23 11:34:19,547 - datapi.legacy_api_client - INFO - [2024-09-16T00:00:00] Remember that you need to have an ECMWF account to use the new CDS. **Your old CDS credentials will not work in new CDS!**
2024-12-23 11:34:19,548 - datapi.legacy_api_client - WARNING - [2024-06-16T00:00:00] CDS API syntax is changed and some keys or parameter names may have also changed. To avoid requests failing, please use the "Show API request code" tool on the dataset Download Form to check you are using the correct syntax for your API request.
2024-12-23 11:34:19,582 - copernicus_data_pipeline - INFO - Downloading reanalysis-era5-pressure-levels to data\reanalysis-era5-pressure-levels_geopotential_1000_20240301_12:00.grib
2024-12-23 11:34:20,044 - datapi.legacy_api_client - WARNING - [2024-10-10T00:00:00] From 1 July to 17 November 2024, the final ERA5 product is different to ERA5T due to the correction of [the assimilation of incorrect snow observations on the Alps](https://confluence.ecmwf.int/x/USuXGw)
2024-12-23 11:34:20,045 - datapi.legacy_api_client - INFO - Request ID is 92b3f3eb-1bf9-430f-bd2c-7ae75cf840ba
2024-12-23 11:34:20,239 - datapi.legacy_api_client - INFO - status has been updated to accepted
