2024-12-24 09:39:54,283 - copernicus_data_pipeline - INFO - Found valid cached download at data\reanalysis-era5-pressure-levels_geopotential_1000_20240101_0000_0600_1200_1800.grib
2024-12-24 09:40:13,870 - datapi.legacy_api_client - INFO - [2024-09-28T00:00:00] **Welcome to the New Climate Data Store (CDS)!** This new system is in its early days of full operations and still undergoing enhancements and fine tuning. Some disruptions are to be expected. Your 
[feedback](https://jira.ecmwf.int/plugins/servlet/desk/portal/1/create/202) is key to improve the user experience on the new CDS for the benefit of everyone. Thank you.
2024-12-24 09:40:13,871 - datapi.legacy_api_client - INFO - [2024-09-26T00:00:00] Watch our [Forum](https://forum.ecmwf.int/) for Announcements, news and other discussed topics.
2024-12-24 09:40:13,872 - datapi.legacy_api_client - INFO - [2024-09-16T00:00:00] Remember that you need to have an ECMWF account to use the new CDS. **Your old CDS credentials will not work in new CDS!**
2024-12-24 09:40:13,873 - datapi.legacy_api_client - WARNING - [2024-06-16T00:00:00] CDS API syntax is changed and some keys or parameter names may have also changed. To avoid requests failing, please use the "Show API request code" tool on the dataset Download Form to check you are using the correct syntax for your API request.
2024-12-24 09:40:13,895 - copernicus_data_pipeline - INFO - Found valid cached download at data\reanalysis-era5-pressure-levels_geopotential_1000_20240101_0000_0600_1200_1800.grib
2024-12-24 09:40:18,466 - datapi.legacy_api_client - INFO - [2024-09-28T00:00:00] **Welcome to the New Climate Data Store (CDS)!** This new system is in its early days of full operations and still undergoing enhancements and fine tuning. Some disruptions are to be expected. Your 
[feedback](https://jira.ecmwf.int/plugins/servlet/desk/portal/1/create/202) is key to improve the user experience on the new CDS for the benefit of everyone. Thank you.
2024-12-24 09:40:18,467 - datapi.legacy_api_client - INFO - [2024-09-26T00:00:00] Watch our [Forum](https://forum.ecmwf.int/) for Announcements, news and other discussed topics.
2024-12-24 09:40:18,468 - datapi.legacy_api_client - INFO - [2024-09-16T00:00:00] Remember that you need to have an ECMWF account to use the new CDS. **Your old CDS credentials will not work in new CDS!**
2024-12-24 09:40:18,470 - datapi.legacy_api_client - WARNING - [2024-06-16T00:00:00] CDS API syntax is changed and some keys or parameter names may have also changed. To avoid requests failing, please use the "Show API request code" tool on the dataset Download Form to check you are using the correct syntax for your API request.
2024-12-24 09:40:18,490 - copernicus_data_pipeline - INFO - Found valid cached download at data\reanalysis-era5-pressure-levels_geopotential_1000_20240101_0000_0600_1200_1800.grib
2024-12-24 09:40:23,924 - datapi.legacy_api_client - INFO - [2024-09-28T00:00:00] **Welcome to the New Climate Data Store (CDS)!** This new system is in its early days of full operations and still undergoing enhancements and fine tuning. Some disruptions are to be expected. Your 
[feedback](https://jira.ecmwf.int/plugins/servlet/desk/portal/1/create/202) is key to improve the user experience on the new CDS for the benefit of everyone. Thank you.
2024-12-24 09:40:23,925 - datapi.legacy_api_client - INFO - [2024-09-26T00:00:00] Watch our [Forum](https://forum.ecmwf.int/) for Announcements, news and other discussed topics.
2024-12-24 09:40:23,927 - datapi.legacy_api_client - INFO - [2024-09-16T00:00:00] Remember that you need to have an ECMWF account to use the new CDS. **Your old CDS credentials will not work in new CDS!**
2024-12-24 09:40:23,928 - datapi.legacy_api_client - WARNING - [2024-06-16T00:00:00] CDS API syntax is changed and some keys or parameter names may have also changed. To avoid requests failing, please use the "Show API request code" tool on the dataset Download Form to check you are using the correct syntax for your API request.
2024-12-24 09:40:23,955 - copernicus_data_pipeline - INFO - Found valid cached download at data\reanalysis-era5-pressure-levels_geopotential_1000_20240101_0000_0600_1200_1800.grib
2024-12-24 09:43:29,851 - datapi.legacy_api_client - INFO - [2024-09-28T00:00:00] **Welcome to the New Climate Data Store (CDS)!** This new system is in its early days of full operations and still undergoing enhancements and fine tuning. Some disruptions are to be expected. Your 
[feedback](https://jira.ecmwf.int/plugins/servlet/desk/portal/1/create/202) is key to improve the user experience on the new CDS for the benefit of everyone. Thank you.
2024-12-24 09:43:29,852 - datapi.legacy_api_client - INFO - [2024-09-26T00:00:00] Watch our [Forum](https://forum.ecmwf.int/) for Announcements, news and other discussed topics.
2024-12-24 09:43:29,855 - datapi.legacy_api_client - INFO - [2024-09-16T00:00:00] Remember that you need to have an ECMWF account to use the new CDS. **Your old CDS credentials will not work in new CDS!**
2024-12-24 09:43:29,857 - datapi.legacy_api_client - WARNING - [2024-06-16T00:00:00] CDS API syntax is changed and some keys or parameter names may have also changed. To avoid requests failing, please use the "Show API request code" tool on the dataset Download Form to check you are using the correct syntax for your API request.
2024-12-24 09:43:29,876 - copernicus_data_pipeline - INFO - Found valid cached download at data\reanalysis-era5-pressure-levels_geopotential_1000_20240101_0000_0600_1200_1800.grib
2024-12-24 09:44:23,179 - copernicus_data_pipeline - INFO - Found valid cached download at data\reanalysis-era5-pressure-levels_geopotential_1000_20240101_0000_0600_1200_1800.grib
2024-12-24 09:44:44,903 - datapi.legacy_api_client - INFO - [2024-09-28T00:00:00] **Welcome to the New Climate Data Store (CDS)!** This new system is in its early days of full operations and still undergoing enhancements and fine tuning. Some disruptions are to be expected. Your 
[feedback](https://jira.ecmwf.int/plugins/servlet/desk/portal/1/create/202) is key to improve the user experience on the new CDS for the benefit of everyone. Thank you.
2024-12-24 09:44:44,904 - datapi.legacy_api_client - INFO - [2024-09-26T00:00:00] Watch our [Forum](https://forum.ecmwf.int/) for Announcements, news and other discussed topics.
2024-12-24 09:44:44,905 - datapi.legacy_api_client - INFO - [2024-09-16T00:00:00] Remember that you need to have an ECMWF account to use the new CDS. **Your old CDS credentials will not work in new CDS!**
2024-12-24 09:44:44,906 - datapi.legacy_api_client - WARNING - [2024-06-16T00:00:00] CDS API syntax is changed and some keys or parameter names may have also changed. To avoid requests failing, please use the "Show API request code" tool on the dataset Download Form to check you are using the correct syntax for your API request.
2024-12-24 09:44:44,925 - copernicus_data_pipeline - INFO - Found valid cached download at data\reanalysis-era5-pressure-levels_geopotential_1000_20240101_0000_0600_1200_1800.grib
2024-12-24 09:50:01,322 - copernicus_data_pipeline - INFO - Found valid cached download at data\reanalysis-era5-pressure-levels_geopotential_1000_20240101_0000_0600_1200_1800.grib
2024-12-24 09:50:08,302 - datapi.legacy_api_client - INFO - [2024-09-28T00:00:00] **Welcome to the New Climate Data Store (CDS)!** This new system is in its early days of full operations and still undergoing enhancements and fine tuning. Some disruptions are to be expected. Your 
[feedback](https://jira.ecmwf.int/plugins/servlet/desk/portal/1/create/202) is key to improve the user experience on the new CDS for the benefit of everyone. Thank you.
2024-12-24 09:50:08,303 - datapi.legacy_api_client - INFO - [2024-09-26T00:00:00] Watch our [Forum](https://forum.ecmwf.int/) for Announcements, news and other discussed topics.
2024-12-24 09:50:08,304 - datapi.legacy_api_client - INFO - [2024-09-16T00:00:00] Remember that you need to have an ECMWF account to use the new CDS. **Your old CDS credentials will not work in new CDS!**
2024-12-24 09:50:08,306 - datapi.legacy_api_client - WARNING - [2024-06-16T00:00:00] CDS API syntax is changed and some keys or parameter names may have also changed. To avoid requests failing, please use the "Show API request code" tool on the dataset Download Form to check you are using the correct syntax for your API request.
2024-12-24 09:50:08,324 - copernicus_data_pipeline - INFO - Found valid cached download at data\reanalysis-era5-pressure-levels_geopotential_1000_20240101_0000_0600_1200_1800.grib
2024-12-24 09:51:08,765 - datapi.legacy_api_client - INFO - [2024-09-28T00:00:00] **Welcome to the New Climate Data Store (CDS)!** This new system is in its early days of full operations and still undergoing enhancements and fine tuning. Some disruptions are to be expected. Your 
[feedback](https://jira.ecmwf.int/plugins/servlet/desk/portal/1/create/202) is key to improve the user experience on the new CDS for the benefit of everyone. Thank you.
2024-12-24 09:51:08,767 - datapi.legacy_api_client - INFO - [2024-09-26T00:00:00] Watch our [Forum](https://forum.ecmwf.int/) for Announcements, news and other discussed topics.
2024-12-24 09:51:08,768 - datapi.legacy_api_client - INFO - [2024-09-16T00:00:00] Remember that you need to have an ECMWF account to use the new CDS. **Your old CDS credentials will not work in new CDS!**
2024-12-24 09:51:08,770 - datapi.legacy_api_client - WARNING - [2024-06-16T00:00:00] CDS API syntax is changed and some keys or parameter names may have also changed. To avoid requests failing, please use the "Show API request code" tool on the dataset Download Form to check you are using the correct syntax for your API request.
2024-12-24 09:51:08,789 - copernicus_data_pipeline - INFO - Found valid cached download at data\reanalysis-era5-pressure-levels_geopotential_1000_20240101_0000_0600_1200_1800.grib
2024-12-24 09:51:11,765 - datapi.legacy_api_client - INFO - [2024-09-28T00:00:00] **Welcome to the New Climate Data Store (CDS)!** This new system is in its early days of full operations and still undergoing enhancements and fine tuning. Some disruptions are to be expected. Your 
[feedback](https://jira.ecmwf.int/plugins/servlet/desk/portal/1/create/202) is key to improve the user experience on the new CDS for the benefit of everyone. Thank you.
2024-12-24 09:51:11,766 - datapi.legacy_api_client - INFO - [2024-09-26T00:00:00] Watch our [Forum](https://forum.ecmwf.int/) for Announcements, news and other discussed topics.
2024-12-24 09:51:11,767 - datapi.legacy_api_client - INFO - [2024-09-16T00:00:00] Remember that you need to have an ECMWF account to use the new CDS. **Your old CDS credentials will not work in new CDS!**
2024-12-24 09:51:11,769 - datapi.legacy_api_client - WARNING - [2024-06-16T00:00:00] CDS API syntax is changed and some keys or parameter names may have also changed. To avoid requests failing, please use the "Show API request code" tool on the dataset Download Form to check you are using the correct syntax for your API request.
2024-12-24 09:51:11,792 - copernicus_data_pipeline - INFO - Found valid cached download at data\reanalysis-era5-pressure-levels_geopotential_1000_20240101_0000_0600_1200_1800.grib
2024-12-24 09:53:18,827 - datapi.legacy_api_client - INFO - [2024-09-28T00:00:00] **Welcome to the New Climate Data Store (CDS)!** This new system is in its early days of full operations and still undergoing enhancements and fine tuning. Some disruptions are to be expected. Your 
[feedback](https://jira.ecmwf.int/plugins/servlet/desk/portal/1/create/202) is key to improve the user experience on the new CDS for the benefit of everyone. Thank you.
2024-12-24 09:53:18,830 - datapi.legacy_api_client - INFO - [2024-09-26T00:00:00] Watch our [Forum](https://forum.ecmwf.int/) for Announcements, news and other discussed topics.
2024-12-24 09:53:18,832 - datapi.legacy_api_client - INFO - [2024-09-16T00:00:00] Remember that you need to have an ECMWF account to use the new CDS. **Your old CDS credentials will not work in new CDS!**
2024-12-24 09:53:18,833 - datapi.legacy_api_client - WARNING - [2024-06-16T00:00:00] CDS API syntax is changed and some keys or parameter names may have also changed. To avoid requests failing, please use the "Show API request code" tool on the dataset Download Form to check you are using the correct syntax for your API request.
2024-12-24 09:53:18,873 - copernicus_data_pipeline - INFO - Found valid cached download at data\reanalysis-era5-pressure-levels_geopotential_1000_20240101_0000_0600_1200_1800.grib
2024-12-24 09:53:47,544 - datapi.legacy_api_client - INFO - [2024-09-28T00:00:00] **Welcome to the New Climate Data Store (CDS)!** This new system is in its early days of full operations and still undergoing enhancements and fine tuning. Some disruptions are to be expected. Your 
[feedback](https://jira.ecmwf.int/plugins/servlet/desk/portal/1/create/202) is key to improve the user experience on the new CDS for the benefit of everyone. Thank you.
2024-12-24 09:53:47,545 - datapi.legacy_api_client - INFO - [2024-09-26T00:00:00] Watch our [Forum](https://forum.ecmwf.int/) for Announcements, news and other discussed topics.
2024-12-24 09:53:47,547 - datapi.legacy_api_client - INFO - [2024-09-16T00:00:00] Remember that you need to have an ECMWF account to use the new CDS. **Your old CDS credentials will not work in new CDS!**
2024-12-24 09:53:47,548 - datapi.legacy_api_client - WARNING - [2024-06-16T00:00:00] CDS API syntax is changed and some keys or parameter names may have also changed. To avoid requests failing, please use the "Show API request code" tool on the dataset Download Form to check you are using the correct syntax for your API request.
2024-12-24 09:53:47,570 - copernicus_data_pipeline - INFO - Found valid cached download at data\reanalysis-era5-pressure-levels_geopotential_1000_20240101_0000_0600_1200_1800.grib
2024-12-24 09:53:53,501 - datapi.legacy_api_client - INFO - [2024-09-28T00:00:00] **Welcome to the New Climate Data Store (CDS)!** This new system is in its early days of full operations and still undergoing enhancements and fine tuning. Some disruptions are to be expected. Your 
[feedback](https://jira.ecmwf.int/plugins/servlet/desk/portal/1/create/202) is key to improve the user experience on the new CDS for the benefit of everyone. Thank you.
2024-12-24 09:53:53,502 - datapi.legacy_api_client - INFO - [2024-09-26T00:00:00] Watch our [Forum](https://forum.ecmwf.int/) for Announcements, news and other discussed topics.
2024-12-24 09:53:53,504 - datapi.legacy_api_client - INFO - [2024-09-16T00:00:00] Remember that you need to have an ECMWF account to use the new CDS. **Your old CDS credentials will not work in new CDS!**
2024-12-24 09:53:53,505 - datapi.legacy_api_client - WARNING - [2024-06-16T00:00:00] CDS API syntax is changed and some keys or parameter names may have also changed. To avoid requests failing, please use the "Show API request code" tool on the dataset Download Form to check you are using the correct syntax for your API request.
2024-12-24 09:53:53,660 - datapi.legacy_api_client - INFO - [2024-09-28T00:00:00] **Welcome to the New Climate Data Store (CDS)!** This new system is in its early days of full operations and still undergoing enhancements and fine tuning. Some disruptions are to be expected. Your 
[feedback](https://jira.ecmwf.int/plugins/servlet/desk/portal/1/create/202) is key to improve the user experience on the new CDS for the benefit of everyone. Thank you.
2024-12-24 09:53:53,662 - datapi.legacy_api_client - INFO - [2024-09-26T00:00:00] Watch our [Forum](https://forum.ecmwf.int/) for Announcements, news and other discussed topics.
2024-12-24 09:53:53,663 - datapi.legacy_api_client - INFO - [2024-09-16T00:00:00] Remember that you need to have an ECMWF account to use the new CDS. **Your old CDS credentials will not work in new CDS!**
2024-12-24 09:53:53,665 - datapi.legacy_api_client - WARNING - [2024-06-16T00:00:00] CDS API syntax is changed and some keys or parameter names may have also changed. To avoid requests failing, please use the "Show API request code" tool on the dataset Download Form to check you are using the correct syntax for your API request.
2024-12-24 09:53:53,855 - datapi.legacy_api_client - INFO - [2024-09-28T00:00:00] **Welcome to the New Climate Data Store (CDS)!** This new system is in its early days of full operations and still undergoing enhancements and fine tuning. Some disruptions are to be expected. Your 
[feedback](https://jira.ecmwf.int/plugins/servlet/desk/portal/1/create/202) is key to improve the user experience on the new CDS for the benefit of everyone. Thank you.
2024-12-24 09:53:53,855 - datapi.legacy_api_client - INFO - [2024-09-26T00:00:00] Watch our [Forum](https://forum.ecmwf.int/) for Announcements, news and other discussed topics.
2024-12-24 09:53:53,857 - datapi.legacy_api_client - INFO - [2024-09-16T00:00:00] Remember that you need to have an ECMWF account to use the new CDS. **Your old CDS credentials will not work in new CDS!**
2024-12-24 09:53:53,858 - datapi.legacy_api_client - WARNING - [2024-06-16T00:00:00] CDS API syntax is changed and some keys or parameter names may have also changed. To avoid requests failing, please use the "Show API request code" tool on the dataset Download Form to check you are using the correct syntax for your API request.
2024-12-24 09:53:54,273 - datapi.legacy_api_client - INFO - [2024-09-28T00:00:00] **Welcome to the New Climate Data Store (CDS)!** This new system is in its early days of full operations and still undergoing enhancements and fine tuning. Some disruptions are to be expected. Your 
[feedback](https://jira.ecmwf.int/plugins/servlet/desk/portal/1/create/202) is key to improve the user experience on the new CDS for the benefit of everyone. Thank you.
2024-12-24 09:53:54,274 - datapi.legacy_api_client - INFO - [2024-09-26T00:00:00] Watch our [Forum](https://forum.ecmwf.int/) for Announcements, news and other discussed topics.
2024-12-24 09:53:54,276 - datapi.legacy_api_client - INFO - [2024-09-16T00:00:00] Remember that you need to have an ECMWF account to use the new CDS. **Your old CDS credentials will not work in new CDS!**
2024-12-24 09:53:54,278 - datapi.legacy_api_client - WARNING - [2024-06-16T00:00:00] CDS API syntax is changed and some keys or parameter names may have also changed. To avoid requests failing, please use the "Show API request code" tool on the dataset Download Form to check you are using the correct syntax for your API request.
2024-12-24 09:53:54,304 - copernicus_data_pipeline - INFO - Found valid cached download at data\reanalysis-era5-pressure-levels_geopotential_1000_20240101_0000_0600_1200_1800.grib
2024-12-24 09:53:54,322 - datapi.legacy_api_client - INFO - [2024-09-28T00:00:00] **Welcome to the New Climate Data Store (CDS)!** This new system is in its early days of full operations and still undergoing enhancements and fine tuning. Some disruptions are to be expected. Your 
[feedback](https://jira.ecmwf.int/plugins/servlet/desk/portal/1/create/202) is key to improve the user experience on the new CDS for the benefit of everyone. Thank you.
2024-12-24 09:53:54,324 - datapi.legacy_api_client - INFO - [2024-09-26T00:00:00] Watch our [Forum](https://forum.ecmwf.int/) for Announcements, news and other discussed topics.
2024-12-24 09:53:54,332 - datapi.legacy_api_client - INFO - [2024-09-16T00:00:00] Remember that you need to have an ECMWF account to use the new CDS. **Your old CDS credentials will not work in new CDS!**
2024-12-24 09:53:54,342 - datapi.legacy_api_client - WARNING - [2024-06-16T00:00:00] CDS API syntax is changed and some keys or parameter names may have also changed. To avoid requests failing, please use the "Show API request code" tool on the dataset Download Form to check you are using the correct syntax for your API request.
2024-12-24 09:53:55,189 - datapi.legacy_api_client - INFO - [2024-09-28T00:00:00] **Welcome to the New Climate Data Store (CDS)!** This new system is in its early days of full operations and still undergoing enhancements and fine tuning. Some disruptions are to be expected. Your 
[feedback](https://jira.ecmwf.int/plugins/servlet/desk/portal/1/create/202) is key to improve the user experience on the new CDS for the benefit of everyone. Thank you.
2024-12-24 09:53:55,190 - datapi.legacy_api_client - INFO - [2024-09-26T00:00:00] Watch our [Forum](https://forum.ecmwf.int/) for Announcements, news and other discussed topics.
2024-12-24 09:53:55,191 - datapi.legacy_api_client - INFO - [2024-09-16T00:00:00] Remember that you need to have an ECMWF account to use the new CDS. **Your old CDS credentials will not work in new CDS!**
2024-12-24 09:53:55,194 - datapi.legacy_api_client - WARNING - [2024-06-16T00:00:00] CDS API syntax is changed and some keys or parameter names may have also changed. To avoid requests failing, please use the "Show API request code" tool on the dataset Download Form to check you are using the correct syntax for your API request.
2024-12-24 09:53:55,885 - datapi.legacy_api_client - INFO - [2024-09-28T00:00:00] **Welcome to the New Climate Data Store (CDS)!** This new system is in its early days of full operations and still undergoing enhancements and fine tuning. Some disruptions are to be expected. Your 
[feedback](https://jira.ecmwf.int/plugins/servlet/desk/portal/1/create/202) is key to improve the user experience on the new CDS for the benefit of everyone. Thank you.
2024-12-24 09:53:55,887 - datapi.legacy_api_client - INFO - [2024-09-26T00:00:00] Watch our [Forum](https://forum.ecmwf.int/) for Announcements, news and other discussed topics.
2024-12-24 09:53:55,888 - datapi.legacy_api_client - INFO - [2024-09-16T00:00:00] Remember that you need to have an ECMWF account to use the new CDS. **Your old CDS credentials will not work in new CDS!**
2024-12-24 09:53:55,889 - datapi.legacy_api_client - WARNING - [2024-06-16T00:00:00] CDS API syntax is changed and some keys or parameter names may have also changed. To avoid requests failing, please use the "Show API request code" tool on the dataset Download Form to check you are using the correct syntax for your API request.
2024-12-24 09:53:55,971 - datapi.legacy_api_client - INFO - [2024-09-28T00:00:00] **Welcome to the New Climate Data Store (CDS)!** This new system is in its early days of full operations and still undergoing enhancements and fine tuning. Some disruptions are to be expected. Your 
[feedback](https://jira.ecmwf.int/plugins/servlet/desk/portal/1/create/202) is key to improve the user experience on the new CDS for the benefit of everyone. Thank you.
2024-12-24 09:53:55,972 - datapi.legacy_api_client - INFO - [2024-09-28T00:00:00] **Welcome to the New Climate Data Store (CDS)!** This new system is in its early days of full operations and still undergoing enhancements and fine tuning. Some disruptions are to be expected. Your 
[feedback](https://jira.ecmwf.int/plugins/servlet/desk/portal/1/create/202) is key to improve the user experience on the new CDS for the benefit of everyone. Thank you.
2024-12-24 09:53:55,973 - datapi.legacy_api_client - INFO - [2024-09-26T00:00:00] Watch our [Forum](https://forum.ecmwf.int/) for Announcements, news and other discussed topics.
2024-12-24 09:53:55,975 - datapi.legacy_api_client - INFO - [2024-09-26T00:00:00] Watch our [Forum](https://forum.ecmwf.int/) for Announcements, news and other discussed topics.
2024-12-24 09:53:55,977 - datapi.legacy_api_client - INFO - [2024-09-16T00:00:00] Remember that you need to have an ECMWF account to use the new CDS. **Your old CDS credentials will not work in new CDS!**
2024-12-24 09:53:55,979 - datapi.legacy_api_client - INFO - [2024-09-16T00:00:00] Remember that you need to have an ECMWF account to use the new CDS. **Your old CDS credentials will not work in new CDS!**
2024-12-24 09:53:55,980 - datapi.legacy_api_client - WARNING - [2024-06-16T00:00:00] CDS API syntax is changed and some keys or parameter names may have also changed. To avoid requests failing, please use the "Show API request code" tool on the dataset Download Form to check you are using the correct syntax for your API request.
2024-12-24 09:53:55,981 - datapi.legacy_api_client - WARNING - [2024-06-16T00:00:00] CDS API syntax is changed and some keys or parameter names may have also changed. To avoid requests failing, please use the "Show API request code" tool on the dataset Download Form to check you are using the correct syntax for your API request.
2024-12-24 09:53:56,080 - datapi.legacy_api_client - INFO - [2024-09-28T00:00:00] **Welcome to the New Climate Data Store (CDS)!** This new system is in its early days of full operations and still undergoing enhancements and fine tuning. Some disruptions are to be expected. Your 
[feedback](https://jira.ecmwf.int/plugins/servlet/desk/portal/1/create/202) is key to improve the user experience on the new CDS for the benefit of everyone. Thank you.
2024-12-24 09:53:56,082 - copernicus_data_pipeline - INFO - Found valid cached download at data\reanalysis-era5-pressure-levels_geopotential_1000_20240101_0000_0600_1200_1800.grib
2024-12-24 09:53:56,082 - datapi.legacy_api_client - INFO - [2024-09-26T00:00:00] Watch our [Forum](https://forum.ecmwf.int/) for Announcements, news and other discussed topics.
2024-12-24 09:53:56,084 - datapi.legacy_api_client - INFO - [2024-09-16T00:00:00] Remember that you need to have an ECMWF account to use the new CDS. **Your old CDS credentials will not work in new CDS!**
2024-12-24 09:53:56,085 - datapi.legacy_api_client - WARNING - [2024-06-16T00:00:00] CDS API syntax is changed and some keys or parameter names may have also changed. To avoid requests failing, please use the "Show API request code" tool on the dataset Download Form to check you are using the correct syntax for your API request.
2024-12-24 09:54:55,665 - datapi.legacy_api_client - INFO - [2024-09-28T00:00:00] **Welcome to the New Climate Data Store (CDS)!** This new system is in its early days of full operations and still undergoing enhancements and fine tuning. Some disruptions are to be expected. Your 
[feedback](https://jira.ecmwf.int/plugins/servlet/desk/portal/1/create/202) is key to improve the user experience on the new CDS for the benefit of everyone. Thank you.
2024-12-24 09:54:55,666 - datapi.legacy_api_client - INFO - [2024-09-26T00:00:00] Watch our [Forum](https://forum.ecmwf.int/) for Announcements, news and other discussed topics.
2024-12-24 09:54:55,667 - datapi.legacy_api_client - INFO - [2024-09-16T00:00:00] Remember that you need to have an ECMWF account to use the new CDS. **Your old CDS credentials will not work in new CDS!**
2024-12-24 09:54:55,669 - datapi.legacy_api_client - WARNING - [2024-06-16T00:00:00] CDS API syntax is changed and some keys or parameter names may have also changed. To avoid requests failing, please use the "Show API request code" tool on the dataset Download Form to check you are using the correct syntax for your API request.
2024-12-24 09:54:55,688 - copernicus_data_pipeline - INFO - Found valid cached download at data\reanalysis-era5-pressure-levels_geopotential_1000_20240101_0000_0600_1200_1800.grib
2024-12-24 09:55:01,446 - datapi.legacy_api_client - INFO - [2024-09-28T00:00:00] **Welcome to the New Climate Data Store (CDS)!** This new system is in its early days of full operations and still undergoing enhancements and fine tuning. Some disruptions are to be expected. Your 
[feedback](https://jira.ecmwf.int/plugins/servlet/desk/portal/1/create/202) is key to improve the user experience on the new CDS for the benefit of everyone. Thank you.
2024-12-24 09:55:01,447 - datapi.legacy_api_client - INFO - [2024-09-26T00:00:00] Watch our [Forum](https://forum.ecmwf.int/) for Announcements, news and other discussed topics.
2024-12-24 09:55:01,449 - datapi.legacy_api_client - INFO - [2024-09-16T00:00:00] Remember that you need to have an ECMWF account to use the new CDS. **Your old CDS credentials will not work in new CDS!**
2024-12-24 09:55:01,450 - datapi.legacy_api_client - WARNING - [2024-06-16T00:00:00] CDS API syntax is changed and some keys or parameter names may have also changed. To avoid requests failing, please use the "Show API request code" tool on the dataset Download Form to check you are using the correct syntax for your API request.
2024-12-24 09:55:01,468 - copernicus_data_pipeline - INFO - Found valid cached download at data\reanalysis-era5-pressure-levels_geopotential_1000_20240101_0000_0600_1200_1800.grib
